Arguments: 
  C:\Program Files\nodejs\node.exe C:\Users\alexd\AppData\Roaming\npm\node_modules\yarn\bin\yarn.js set version berrry

PATH: 
  C:\Users\alexd\WebstormProjects\prisma-issue\node_modules\.bin;C:\Python39\Scripts\;C:\Python39\;C:\Windows\system32;C:\Windows;C:\Windows\System32\Wbem;C:\Windows\System32\WindowsPowerShell\v1.0\;C:\Windows\System32\OpenSSH\;C:\ProgramData\chocolatey\bin;C:\Program Files\Git\cmd;C:\Program Files\NVIDIA Corporation\NVIDIA NvDLISR;C:\Program Files (x86)\NVIDIA Corporation\PhysX\Common;C:\Program Files\nodejs\;C:\Users\alexd\AppData\Local\Microsoft\WindowsApps;C:\Program Files (x86)\GitHub CLI\;C:\Users\alexd\AppData\Roaming\npm;C:\Users\alexd\AppData\Local\Programs\Microsoft VS Code\bin

Yarn version: 
  1.22.11

Node version: 
  16.9.1

Platform: 
  win32 x64

Trace: 
  Error: Release not found: berrry
      at C:\Users\alexd\AppData\Roaming\npm\node_modules\yarn\lib\cli.js:90309:17
      at Generator.next (<anonymous>)
      at step (C:\Users\alexd\AppData\Roaming\npm\node_modules\yarn\lib\cli.js:310:30)
      at C:\Users\alexd\AppData\Roaming\npm\node_modules\yarn\lib\cli.js:321:13
      at processTicksAndRejections (node:internal/process/task_queues:96:5)

npm manifest: 
  {
    "name": "prisma-issue",
    "version": "1.0.0",
    "main": "index.js",
    "license": "MIT"
  }

yarn manifest: 
  No manifest

Lockfile: 
  No lockfile
